<?xml version="1.0" encoding="UTF-8"?>
<testsuite xmlns:xsi="http://www.w3.org/2001/XMLSchema-instance" xsi:noNamespaceSchemaLocation="https://maven.apache.org/surefire/maven-surefire-plugin/xsd/surefire-test-report-3.0.xsd" version="3.0" name="com.supermercado.regression.SimulacionRegressionTest" time="24.927" tests="5" errors="0" skipped="0" failures="0">
  <properties>
[...]
</properties>
  <testcase name="testRegression_InicioSimulacion" classname="com.supermercado.regression.SimulacionRegressionTest" time="16.422">
    <system-out><![CDATA[15:15:17.922 [main] INFO  c.s.i.service.LogServiceImpl - === INICIANDO SIMULACION ===
15:15:17.922 [main] INFO  c.s.i.service.LogServiceImpl - Horario: 08:00 - 9:00 (1 horas)
15:15:17.922 [main] INFO  c.s.i.service.LogServiceImpl - Duracion real: 8s | Tiempo simulado: 1h
15:15:17.922 [main] INFO  c.s.i.service.LogServiceImpl - Cajas Normales: 2 | Cajas Rapidas: 1
15:15:17.922 [main] INFO  c.s.i.service.LogServiceImpl - Total cajas creadas: 3
15:15:17.928 [main] INFO  c.s.i.service.LogServiceImpl - Escala: 1 min simulado = 133ms reales
15:15:18.009 [main] INFO  c.s.i.service.LogServiceImpl - [08:00] Cliente-Cliente-1 generado | Articulos: 5 (RAPIDO)
[ASIGNACION] Cliente Cliente-1 (RAPIDO) - Articulos: 5
  Caja CAJA 1 (Rapida: true) cola=0
  Caja CAJA 2 (Rapida: false) cola=0
  Caja CAJA 3 (Rapida: false) cola=0
  Cliente Cliente-1 asignado a caja CAJA 1 (cola ahora 1)
15:15:18.025 [hilo-caja-CAJA 1] INFO  c.s.i.service.LogServiceImpl - [08:00] Atendiendo: Cliente-1 en CAJA 1 (1 min)
15:15:18.173 [hilo-caja-CAJA 1] INFO  c.s.i.service.LogServiceImpl - Finalizada atencion de Cliente-1 en CAJA 1
15:15:18.246 [main] INFO  c.s.i.service.LogServiceImpl - [08:02] Cliente-Cliente-2 generado | Articulos: 1 (RAPIDO)
[ASIGNACION] Cliente Cliente-2 (RAPIDO) - Articulos: 1
  Caja CAJA 1 (Rapida: true) cola=0
  Caja CAJA 2 (Rapida: false) cola=0
  Caja CAJA 3 (Rapida: false) cola=0
  Cliente Cliente-2 asignado a caja CAJA 1 (cola ahora 1)
15:15:18.314 [hilo-caja-CAJA 1] INFO  c.s.i.service.LogServiceImpl - [08:02] Atendiendo: Cliente-2 en CAJA 1 (2 min)
15:15:18.555 [main] INFO  c.s.i.service.LogServiceImpl - [08:04] Cliente-Cliente-3 generado | Articulos: 5 (RAPIDO)
[ASIGNACION] Cliente Cliente-3 (RAPIDO) - Articulos: 5
  Caja CAJA 1 (Rapida: true) cola=0
  Caja CAJA 2 (Rapida: false) cola=0
  Caja CAJA 3 (Rapida: false) cola=0
  Cliente Cliente-3 asignado a caja CAJA 1 (cola ahora 1)
15:15:18.588 [hilo-caja-CAJA 1] INFO  c.s.i.service.LogServiceImpl - Finalizada atencion de Cliente-2 en CAJA 1
15:15:18.716 [main] INFO  c.s.i.service.LogServiceImpl - [08:05] Cliente-Cliente-4 generado | Articulos: 9 (RAPIDO)
[ASIGNACION] Cliente Cliente-4 (RAPIDO) - Articulos: 9
  Caja CAJA 1 (Rapida: true) cola=0
  Caja CAJA 2 (Rapida: false) cola=0
  Caja CAJA 3 (Rapida: false) cola=0
  Cliente Cliente-4 asignado a caja CAJA 1 (cola ahora 1)
15:15:18.748 [hilo-caja-CAJA 1] INFO  c.s.i.service.LogServiceImpl - [08:05] Atendiendo: Cliente-4 en CAJA 1 (2 min)
15:15:18.947 [main] INFO  c.s.i.service.LogServiceImpl - [08:07] Cliente-Cliente-5 generado | Articulos: 9 (RAPIDO)
[ASIGNACION] Cliente Cliente-5 (RAPIDO) - Articulos: 9
  Caja CAJA 1 (Rapida: true) cola=0
  Caja CAJA 2 (Rapida: false) cola=0
  Caja CAJA 3 (Rapida: false) cola=0
  Cliente Cliente-5 asignado a caja CAJA 1 (cola ahora 1)
15:15:19.027 [hilo-caja-CAJA 1] INFO  c.s.i.service.LogServiceImpl - Finalizada atencion de Cliente-4 en CAJA 1
15:15:19.256 [main] INFO  c.s.i.service.LogServiceImpl - [08:09] Cliente-Cliente-6 generado | Articulos: 9 (RAPIDO)
[ASIGNACION] Cliente Cliente-6 (RAPIDO) - Articulos: 9
  Caja CAJA 1 (Rapida: true) cola=0
  Caja CAJA 2 (Rapida: false) cola=0
  Caja CAJA 3 (Rapida: false) cola=0
  Cliente Cliente-6 asignado a caja CAJA 1 (cola ahora 1)
15:15:19.336 [hilo-caja-CAJA 1] INFO  c.s.i.service.LogServiceImpl - [08:09] Atendiendo: Cliente-6 en CAJA 1 (1 min)
15:15:19.415 [main] INFO  c.s.i.service.LogServiceImpl - [08:11] Cliente-Cliente-7 generado | Articulos: 3 (RAPIDO)
[ASIGNACION] Cliente Cliente-7 (RAPIDO) - Articulos: 3
  Caja CAJA 1 (Rapida: true) cola=0
  Caja CAJA 2 (Rapida: false) cola=0
  Caja CAJA 3 (Rapida: false) cola=0
  Cliente Cliente-7 asignado a caja CAJA 1 (cola ahora 1)
15:15:19.471 [hilo-caja-CAJA 1] INFO  c.s.i.service.LogServiceImpl - Finalizada atencion de Cliente-6 en CAJA 1
15:15:19.487 [main] INFO  c.s.i.service.LogServiceImpl - [08:11] Cliente-Cliente-8 generado | Articulos: 3 (RAPIDO)
[ASIGNACION] Cliente Cliente-8 (RAPIDO) - Articulos: 3
  Caja CAJA 1 (Rapida: true) cola=0
  Caja CAJA 2 (Rapida: false) cola=0
  Caja CAJA 3 (Rapida: false) cola=0
  Cliente Cliente-8 asignado a caja CAJA 1 (cola ahora 1)
15:15:19.546 [hilo-caja-CAJA 1] INFO  c.s.i.service.LogServiceImpl - [08:11] Atendiendo: Cliente-8 en CAJA 1 (2 min)
15:15:19.563 [main] INFO  c.s.i.service.LogServiceImpl - [08:12] Cliente-Cliente-9 generado | Articulos: 3 (RAPIDO)
[ASIGNACION] Cliente Cliente-9 (RAPIDO) - Articulos: 3
  Caja CAJA 1 (Rapida: true) cola=0
  Caja CAJA 2 (Rapida: false) cola=0
  Caja CAJA 3 (Rapida: false) cola=0
  Cliente Cliente-9 asignado a caja CAJA 1 (cola ahora 1)
15:15:19.825 [hilo-caja-CAJA 1] INFO  c.s.i.service.LogServiceImpl - Finalizada atencion de Cliente-8 en CAJA 1
15:15:19.873 [main] INFO  c.s.i.service.LogServiceImpl - [08:14] Cliente-Cliente-10 generado | Articulos: 1 (RAPIDO)
[ASIGNACION] Cliente Cliente-10 (RAPIDO) - Articulos: 1
  Caja CAJA 1 (Rapida: true) cola=0
  Caja CAJA 2 (Rapida: false) cola=0
  Caja CAJA 3 (Rapida: false) cola=0
  Cliente Cliente-10 asignado a caja CAJA 1 (cola ahora 1)
15:15:19.905 [hilo-caja-CAJA 1] INFO  c.s.i.service.LogServiceImpl - [08:14] Atendiendo: Cliente-10 en CAJA 1 (2 min)
15:15:20.186 [hilo-caja-CAJA 1] INFO  c.s.i.service.LogServiceImpl - Finalizada atencion de Cliente-10 en CAJA 1
15:15:20.339 [main] INFO  c.s.i.service.LogServiceImpl - [08:18] Cliente-Cliente-11 generado | Articulos: 9 (RAPIDO)
[ASIGNACION] Cliente Cliente-11 (RAPIDO) - Articulos: 9
  Caja CAJA 1 (Rapida: true) cola=0
  Caja CAJA 2 (Rapida: false) cola=0
  Caja CAJA 3 (Rapida: false) cola=0
  Cliente Cliente-11 asignado a caja CAJA 1 (cola ahora 1)
15:15:20.413 [main] INFO  c.s.i.service.LogServiceImpl - [08:18] Cliente-Cliente-12 generado | Articulos: 3 (RAPIDO)
[ASIGNACION] Cliente Cliente-12 (RAPIDO) - Articulos: 3
15:15:20.413 [hilo-caja-CAJA 1] INFO  c.s.i.service.LogServiceImpl - [08:18] Atendiendo: Cliente-11 en CAJA 1 (2 min)
  Caja CAJA 1 (Rapida: true) cola=0
  Caja CAJA 2 (Rapida: false) cola=0
  Caja CAJA 3 (Rapida: false) cola=0
  Cliente Cliente-12 asignado a caja CAJA 1 (cola ahora 1)
15:15:20.573 [main] INFO  c.s.i.service.LogServiceImpl - [08:19] Cliente-Cliente-13 generado | Articulos: 7 (RAPIDO)
[ASIGNACION] Cliente Cliente-13 (RAPIDO) - Articulos: 7
  Caja CAJA 1 (Rapida: true) cola=1
  Caja CAJA 2 (Rapida: false) cola=0
  Caja CAJA 3 (Rapida: false) cola=0
  Cliente Cliente-13 asignado a caja CAJA 2 (cola ahora 1)
15:15:20.584 [hilo-caja-CAJA 2] INFO  c.s.i.service.LogServiceImpl - [08:19] Atendiendo: Cliente-13 en CAJA 2 (1 min)
15:15:20.692 [hilo-caja-CAJA 1] INFO  c.s.i.service.LogServiceImpl - Finalizada atencion de Cliente-11 en CAJA 1
15:15:20.724 [hilo-caja-CAJA 2] INFO  c.s.i.service.LogServiceImpl - Finalizada atencion de Cliente-13 en CAJA 2
15:15:20.805 [main] INFO  c.s.i.service.LogServiceImpl - [08:21] Cliente-Cliente-14 generado | Articulos: 8 (RAPIDO)
[ASIGNACION] Cliente Cliente-14 (RAPIDO) - Articulos: 8
  Caja CAJA 1 (Rapida: true) cola=0
  Caja CAJA 2 (Rapida: false) cola=0
  Caja CAJA 3 (Rapida: false) cola=0
  Cliente Cliente-14 asignado a caja CAJA 1 (cola ahora 1)
15:15:20.853 [hilo-caja-CAJA 1] INFO  c.s.i.service.LogServiceImpl - [08:21] Atendiendo: Cliente-14 en CAJA 1 (1 min)
15:15:20.997 [hilo-caja-CAJA 1] INFO  c.s.i.service.LogServiceImpl - Finalizada atencion de Cliente-14 en CAJA 1
15:15:21.122 [main] INFO  c.s.i.service.LogServiceImpl - [08:23] Cliente-Cliente-15 generado | Articulos: 8 (RAPIDO)
[ASIGNACION] Cliente Cliente-15 (RAPIDO) - Articulos: 8
  Caja CAJA 1 (Rapida: true) cola=0
  Caja CAJA 2 (Rapida: false) cola=0
  Caja CAJA 3 (Rapida: false) cola=0
  Cliente Cliente-15 asignado a caja CAJA 1 (cola ahora 1)
15:15:21.144 [hilo-caja-CAJA 1] INFO  c.s.i.service.LogServiceImpl - [08:23] Atendiendo: Cliente-15 en CAJA 1 (2 min)
15:15:21.193 [main] INFO  c.s.i.service.LogServiceImpl - [08:24] Cliente-Cliente-16 generado | Articulos: 4 (RAPIDO)
[ASIGNACION] Cliente Cliente-16 (RAPIDO) - Articulos: 4
  Caja CAJA 1 (Rapida: true) cola=0
  Caja CAJA 2 (Rapida: false) cola=0
  Caja CAJA 3 (Rapida: false) cola=0
  Cliente Cliente-16 asignado a caja CAJA 1 (cola ahora 1)
15:15:21.417 [hilo-caja-CAJA 1] INFO  c.s.i.service.LogServiceImpl - Finalizada atencion de Cliente-15 en CAJA 1
15:15:21.426 [main] INFO  c.s.i.service.LogServiceImpl - [08:26] Cliente-Cliente-17 generado | Articulos: 2 (RAPIDO)
[ASIGNACION] Cliente Cliente-17 (RAPIDO) - Articulos: 2
  Caja CAJA 1 (Rapida: true) cola=0
  Caja CAJA 2 (Rapida: false) cola=0
  Caja CAJA 3 (Rapida: false) cola=0
  Cliente Cliente-17 asignado a caja CAJA 1 (cola ahora 1)
15:15:21.493 [hilo-caja-CAJA 1] INFO  c.s.i.service.LogServiceImpl - [08:26] Atendiendo: Cliente-17 en CAJA 1 (1 min)
15:15:21.493 [main] INFO  c.s.i.service.LogServiceImpl - [08:26] Cliente-Cliente-18 generado | Articulos: 3 (RAPIDO)
[ASIGNACION] Cliente Cliente-18 (RAPIDO) - Articulos: 3
  Caja CAJA 1 (Rapida: true) cola=0
  Caja CAJA 2 (Rapida: false) cola=0
  Caja CAJA 3 (Rapida: false) cola=0
  Cliente Cliente-18 asignado a caja CAJA 1 (cola ahora 1)
15:15:21.628 [hilo-caja-CAJA 1] INFO  c.s.i.service.LogServiceImpl - Finalizada atencion de Cliente-17 en CAJA 1
15:15:21.977 [main] INFO  c.s.i.service.LogServiceImpl - [08:30] Cliente-Cliente-19 generado | Articulos: 9 (RAPIDO)
[ASIGNACION] Cliente Cliente-19 (RAPIDO) - Articulos: 9
  Caja CAJA 1 (Rapida: true) cola=0
  Caja CAJA 2 (Rapida: false) cola=0
  Caja CAJA 3 (Rapida: false) cola=0
  Cliente Cliente-19 asignado a caja CAJA 1 (cola ahora 1)
15:15:22.044 [hilo-caja-CAJA 1] INFO  c.s.i.service.LogServiceImpl - [08:30] Atendiendo: Cliente-19 en CAJA 1 (1 min)
15:15:22.049 [main] INFO  c.s.i.service.LogServiceImpl - [08:30] Cliente-Cliente-20 generado | Articulos: 5 (RAPIDO)
[ASIGNACION] Cliente Cliente-20 (RAPIDO) - Articulos: 5
  Caja CAJA 1 (Rapida: true) cola=0
  Caja CAJA 2 (Rapida: false) cola=0
  Caja CAJA 3 (Rapida: false) cola=0
  Cliente Cliente-20 asignado a caja CAJA 1 (cola ahora 1)
15:15:22.126 [main] INFO  c.s.i.service.LogServiceImpl - Limite de 20 clientes alcanzado.
15:15:22.126 [main] INFO  c.s.i.service.LogServiceImpl - Esperando que terminen atenciones activas...
15:15:22.178 [hilo-caja-CAJA 1] INFO  c.s.i.service.LogServiceImpl - Finalizada atencion de Cliente-19 en CAJA 1
15:15:34.308 [main] INFO  c.s.i.service.LogServiceImpl -   Forzando finalización de CAJA 1 (cliente Cliente-20)
15:15:34.308 [main] INFO  c.s.i.service.LogServiceImpl - Atendidos forzados: 1
15:15:34.308 [main] INFO  c.s.i.service.LogServiceImpl - Vaciando colas manualmente...
15:15:34.308 [main] INFO  c.s.i.service.LogServiceImpl - Clientes en cola al cierre: 0
15:15:34.308 [main] INFO  c.s.i.service.LogServiceImpl - ADVERTENCIA: Clientes perdidos: 7
15:15:34.336 [main] INFO  c.s.i.service.LogServiceImpl - 
============ ESTADISTICAS FINALES ============
15:15:34.338 [main] INFO  c.s.i.service.LogServiceImpl -   CAJA 1: 12 clientes | Cola maxima: 1 | RAPIDA
15:15:34.338 [main] INFO  c.s.i.service.LogServiceImpl -   CAJA 2: 1 clientes | Cola maxima: 1 | NORMAL
15:15:34.338 [main] INFO  c.s.i.service.LogServiceImpl -   CAJA 3: 0 clientes | Cola maxima: 0 | NORMAL
15:15:34.338 [main] INFO  c.s.i.service.LogServiceImpl - ----------------------------------------------
15:15:34.338 [main] INFO  c.s.i.service.LogServiceImpl -   Total clientes atendidos: 13
15:15:34.338 [main] INFO  c.s.i.service.LogServiceImpl -   Total articulos vendidos: 76
15:15:34.338 [main] INFO  c.s.i.service.LogServiceImpl -   Total minutos de atencion: 18
15:15:34.338 [main] INFO  c.s.i.service.LogServiceImpl -   Clientes generados: 20
15:15:34.338 [main] INFO  c.s.i.service.LogServiceImpl -   Prom. articulos/cliente: 5,85
15:15:34.340 [main] INFO  c.s.i.service.LogServiceImpl -   Prom. minutos/cliente: 1,38
15:15:34.340 [main] INFO  c.s.i.service.LogServiceImpl -   Cajero Estrella: CAJA 2
15:15:34.340 [main] INFO  c.s.i.service.LogServiceImpl - ==============================================

15:15:34.340 [main] INFO  c.s.i.service.LogServiceImpl - === SIMULACION COMPLETADA ===
]]></system-out>
  </testcase>
  <testcase name="testRegression_SimulacionCompleta" classname="com.supermercado.regression.SimulacionRegressionTest" time="3.445">
    <system-out><![CDATA[15:15:34.344 [Thread-7] INFO  c.s.i.service.LogServiceImpl - === INICIANDO SIMULACION ===
15:15:34.344 [Thread-7] INFO  c.s.i.service.LogServiceImpl - Horario: 08:00 - 9:00 (1 horas)
15:15:34.344 [Thread-7] INFO  c.s.i.service.LogServiceImpl - Duracion real: 10s | Tiempo simulado: 1h
15:15:34.344 [Thread-7] INFO  c.s.i.service.LogServiceImpl - Cajas Normales: 2 | Cajas Rapidas: 1
15:15:34.344 [Thread-7] INFO  c.s.i.service.LogServiceImpl - Total cajas creadas: 3
15:15:34.346 [Thread-7] INFO  c.s.i.service.LogServiceImpl - Escala: 1 min simulado = 166ms reales
15:15:34.799 [Thread-7] INFO  c.s.i.service.LogServiceImpl - [08:02] Cliente-Cliente-1 generado | Articulos: 6 (RAPIDO)
[ASIGNACION] Cliente Cliente-1 (RAPIDO) - Articulos: 6
  Caja CAJA 1 (Rapida: true) cola=0
  Caja CAJA 2 (Rapida: false) cola=0
  Caja CAJA 3 (Rapida: false) cola=0
  Cliente Cliente-1 asignado a caja CAJA 1 (cola ahora 1)
15:15:34.831 [hilo-caja-CAJA 1] INFO  c.s.i.service.LogServiceImpl - [08:02] Atendiendo: Cliente-1 en CAJA 1 (1 min)
15:15:34.999 [hilo-caja-CAJA 1] INFO  c.s.i.service.LogServiceImpl - Finalizada atencion de Cliente-1 en CAJA 1
15:15:35.232 [Thread-7] INFO  c.s.i.service.LogServiceImpl - [08:05] Cliente-Cliente-2 generado | Articulos: 3 (RAPIDO)
[ASIGNACION] Cliente Cliente-2 (RAPIDO) - Articulos: 3
  Caja CAJA 1 (Rapida: true) cola=0
  Caja CAJA 2 (Rapida: false) cola=0
  Caja CAJA 3 (Rapida: false) cola=0
  Cliente Cliente-2 asignado a caja CAJA 1 (cola ahora 1)
15:15:35.264 [hilo-caja-CAJA 1] INFO  c.s.i.service.LogServiceImpl - [08:05] Atendiendo: Cliente-2 en CAJA 1 (1 min)
15:15:35.414 [Thread-7] INFO  c.s.i.service.LogServiceImpl - [08:06] Cliente-Cliente-3 generado | Articulos: 1 (RAPIDO)
[ASIGNACION] Cliente Cliente-3 (RAPIDO) - Articulos: 1
  Caja CAJA 1 (Rapida: true) cola=0
  Caja CAJA 2 (Rapida: false) cola=0
  Caja CAJA 3 (Rapida: false) cola=0
  Cliente Cliente-3 asignado a caja CAJA 1 (cola ahora 1)
15:15:35.432 [hilo-caja-CAJA 1] INFO  c.s.i.service.LogServiceImpl - Finalizada atencion de Cliente-2 en CAJA 1
15:15:35.513 [Thread-7] INFO  c.s.i.service.LogServiceImpl - [08:07] Cliente-Cliente-4 generado | Articulos: 8 (RAPIDO)
[ASIGNACION] Cliente Cliente-4 (RAPIDO) - Articulos: 8
  Caja CAJA 1 (Rapida: true) cola=0
  Caja CAJA 2 (Rapida: false) cola=0
  Caja CAJA 3 (Rapida: false) cola=0
  Cliente Cliente-4 asignado a caja CAJA 1 (cola ahora 1)
15:15:35.528 [hilo-caja-CAJA 1] INFO  c.s.i.service.LogServiceImpl - [08:07] Atendiendo: Cliente-4 en CAJA 1 (1 min)
15:15:35.697 [hilo-caja-CAJA 1] INFO  c.s.i.service.LogServiceImpl - Finalizada atencion de Cliente-4 en CAJA 1
15:15:35.932 [Thread-7] INFO  c.s.i.service.LogServiceImpl - [08:09] Cliente-Cliente-5 generado | Articulos: 10 (RAPIDO)
[ASIGNACION] Cliente Cliente-5 (RAPIDO) - Articulos: 10
  Caja CAJA 1 (Rapida: true) cola=0
  Caja CAJA 2 (Rapida: false) cola=0
  Caja CAJA 3 (Rapida: false) cola=0
  Cliente Cliente-5 asignado a caja CAJA 1 (cola ahora 1)
15:15:35.965 [hilo-caja-CAJA 1] INFO  c.s.i.service.LogServiceImpl - [08:09] Atendiendo: Cliente-5 en CAJA 1 (1 min)
15:15:36.125 [Thread-7] INFO  c.s.i.service.LogServiceImpl - [08:10] Cliente-Cliente-6 generado | Articulos: 5 (RAPIDO)
[ASIGNACION] Cliente Cliente-6 (RAPIDO) - Articulos: 5
  Caja CAJA 1 (Rapida: true) cola=0
  Caja CAJA 2 (Rapida: false) cola=0
  Caja CAJA 3 (Rapida: false) cola=0
  Cliente Cliente-6 asignado a caja CAJA 1 (cola ahora 1)
15:15:36.141 [hilo-caja-CAJA 1] INFO  c.s.i.service.LogServiceImpl - Finalizada atencion de Cliente-5 en CAJA 1
15:15:36.222 [Thread-7] INFO  c.s.i.service.LogServiceImpl - [08:11] Cliente-Cliente-7 generado | Articulos: 3 (RAPIDO)
[ASIGNACION] Cliente Cliente-7 (RAPIDO) - Articulos: 3
  Caja CAJA 1 (Rapida: true) cola=0
  Caja CAJA 2 (Rapida: false) cola=0
  Caja CAJA 3 (Rapida: false) cola=0
  Cliente Cliente-7 asignado a caja CAJA 1 (cola ahora 1)
15:15:36.238 [hilo-caja-CAJA 1] INFO  c.s.i.service.LogServiceImpl - [08:11] Atendiendo: Cliente-7 en CAJA 1 (2 min)
15:15:36.318 [Thread-7] INFO  c.s.i.service.LogServiceImpl - [08:11] Cliente-Cliente-8 generado | Articulos: 9 (RAPIDO)
[ASIGNACION] Cliente Cliente-8 (RAPIDO) - Articulos: 9
  Caja CAJA 1 (Rapida: true) cola=0
  Caja CAJA 2 (Rapida: false) cola=0
  Caja CAJA 3 (Rapida: false) cola=0
  Cliente Cliente-8 asignado a caja CAJA 1 (cola ahora 1)
15:15:36.413 [Thread-7] INFO  c.s.i.service.LogServiceImpl - [08:12] Cliente-Cliente-9 generado | Articulos: 6 (RAPIDO)
[ASIGNACION] Cliente Cliente-9 (RAPIDO) - Articulos: 6
  Caja CAJA 1 (Rapida: true) cola=1
  Caja CAJA 2 (Rapida: false) cola=0
  Caja CAJA 3 (Rapida: false) cola=0
  Cliente Cliente-9 asignado a caja CAJA 2 (cola ahora 1)
15:15:36.508 [hilo-caja-CAJA 2] INFO  c.s.i.service.LogServiceImpl - [08:12] Atendiendo: Cliente-9 en CAJA 2 (1 min)
15:15:36.571 [hilo-caja-CAJA 1] INFO  c.s.i.service.LogServiceImpl - Finalizada atencion de Cliente-7 en CAJA 1
15:15:36.676 [hilo-caja-CAJA 2] INFO  c.s.i.service.LogServiceImpl - Finalizada atencion de Cliente-9 en CAJA 2
15:15:37.346 [Thread-7] INFO  c.s.i.service.LogServiceImpl - [08:18] Cliente-Cliente-10 generado | Articulos: 10 (RAPIDO)
[ASIGNACION] Cliente Cliente-10 (RAPIDO) - Articulos: 10
  Caja CAJA 1 (Rapida: true) cola=0
  Caja CAJA 2 (Rapida: false) cola=0
  Caja CAJA 3 (Rapida: false) cola=0
  Cliente Cliente-10 asignado a caja CAJA 1 (cola ahora 1)
15:15:37.407 [hilo-caja-CAJA 1] INFO  c.s.i.service.LogServiceImpl - [08:18] Atendiendo: Cliente-10 en CAJA 1 (2 min)
15:15:37.430 [Thread-7] INFO  c.s.i.service.LogServiceImpl - Limite de 10 clientes alcanzado.
15:15:37.430 [Thread-7] INFO  c.s.i.service.LogServiceImpl - Esperando que terminen atenciones activas...
15:15:37.739 [hilo-caja-CAJA 1] INFO  c.s.i.service.LogServiceImpl - Finalizada atencion de Cliente-10 en CAJA 1
15:15:37.784 [Thread-7] INFO  c.s.i.service.LogServiceImpl - Todas las atenciones activas finalizadas naturalmente.
15:15:37.784 [Thread-7] INFO  c.s.i.service.LogServiceImpl - Vaciando colas manualmente...
15:15:37.784 [Thread-7] INFO  c.s.i.service.LogServiceImpl - Clientes en cola al cierre: 0
15:15:37.784 [Thread-7] INFO  c.s.i.service.LogServiceImpl - ADVERTENCIA: Clientes perdidos: 3
15:15:37.784 [Thread-7] INFO  c.s.i.service.LogServiceImpl - 
============ ESTADISTICAS FINALES ============
15:15:37.785 [Thread-7] INFO  c.s.i.service.LogServiceImpl -   CAJA 1: 6 clientes | Cola maxima: 1 | RAPIDA
15:15:37.785 [Thread-7] INFO  c.s.i.service.LogServiceImpl -   CAJA 2: 1 clientes | Cola maxima: 1 | NORMAL
15:15:37.785 [Thread-7] INFO  c.s.i.service.LogServiceImpl -   CAJA 3: 0 clientes | Cola maxima: 0 | NORMAL
15:15:37.785 [Thread-7] INFO  c.s.i.service.LogServiceImpl - ----------------------------------------------
15:15:37.785 [Thread-7] INFO  c.s.i.service.LogServiceImpl -   Total clientes atendidos: 7
15:15:37.785 [Thread-7] INFO  c.s.i.service.LogServiceImpl -   Total articulos vendidos: 46
15:15:37.785 [Thread-7] INFO  c.s.i.service.LogServiceImpl -   Total minutos de atencion: 9
15:15:37.785 [Thread-7] INFO  c.s.i.service.LogServiceImpl -   Clientes generados: 10
15:15:37.785 [Thread-7] INFO  c.s.i.service.LogServiceImpl -   Prom. articulos/cliente: 6,57
15:15:37.786 [Thread-7] INFO  c.s.i.service.LogServiceImpl -   Prom. minutos/cliente: 1,29
15:15:37.786 [Thread-7] INFO  c.s.i.service.LogServiceImpl -   Cajero Estrella: CAJA 1
15:15:37.786 [Thread-7] INFO  c.s.i.service.LogServiceImpl - ==============================================

15:15:37.786 [Thread-7] INFO  c.s.i.service.LogServiceImpl - === SIMULACION COMPLETADA ===
]]></system-out>
  </testcase>
  <testcase name="testRegression_ConfiguracionValida" classname="com.supermercado.regression.SimulacionRegressionTest" time="0.001"/>
  <testcase name="testRegression_DetencionSimulacion" classname="com.supermercado.regression.SimulacionRegressionTest" time="2.014">
    <system-out><![CDATA[15:15:37.792 [Thread-11] INFO  c.s.i.service.LogServiceImpl - === INICIANDO SIMULACION ===
15:15:37.793 [Thread-11] INFO  c.s.i.service.LogServiceImpl - Horario: 08:00 - 9:00 (1 horas)
15:15:37.793 [Thread-11] INFO  c.s.i.service.LogServiceImpl - Duracion real: 8s | Tiempo simulado: 1h
15:15:37.793 [Thread-11] INFO  c.s.i.service.LogServiceImpl - Cajas Normales: 2 | Cajas Rapidas: 1
15:15:37.793 [Thread-11] INFO  c.s.i.service.LogServiceImpl - Total cajas creadas: 3
15:15:37.793 [Thread-11] INFO  c.s.i.service.LogServiceImpl - Escala: 1 min simulado = 133ms reales
15:15:37.860 [Thread-11] INFO  c.s.i.service.LogServiceImpl - [08:00] Cliente-Cliente-1 generado | Articulos: 1 (RAPIDO)
[ASIGNACION] Cliente Cliente-1 (RAPIDO) - Articulos: 1
  Caja CAJA 1 (Rapida: true) cola=0
  Caja CAJA 2 (Rapida: false) cola=0
  Caja CAJA 3 (Rapida: false) cola=0
  Cliente Cliente-1 asignado a caja CAJA 1 (cola ahora 1)
15:15:37.926 [hilo-caja-CAJA 1] INFO  c.s.i.service.LogServiceImpl - [08:00] Atendiendo: Cliente-1 en CAJA 1 (2 min)
15:15:38.194 [hilo-caja-CAJA 1] INFO  c.s.i.service.LogServiceImpl - Finalizada atencion de Cliente-1 en CAJA 1
15:15:38.527 [Thread-11] INFO  c.s.i.service.LogServiceImpl - [08:05] Cliente-Cliente-2 generado | Articulos: 4 (RAPIDO)
[ASIGNACION] Cliente Cliente-2 (RAPIDO) - Articulos: 4
  Caja CAJA 1 (Rapida: true) cola=0
  Caja CAJA 2 (Rapida: false) cola=0
  Caja CAJA 3 (Rapida: false) cola=0
  Cliente Cliente-2 asignado a caja CAJA 1 (cola ahora 1)
15:15:38.593 [hilo-caja-CAJA 1] INFO  c.s.i.service.LogServiceImpl - [08:05] Atendiendo: Cliente-2 en CAJA 1 (2 min)
15:15:38.728 [Thread-11] INFO  c.s.i.service.LogServiceImpl - [08:07] Cliente-Cliente-3 generado | Articulos: 2 (RAPIDO)
[ASIGNACION] Cliente Cliente-3 (RAPIDO) - Articulos: 2
  Caja CAJA 1 (Rapida: true) cola=0
  Caja CAJA 2 (Rapida: false) cola=0
  Caja CAJA 3 (Rapida: false) cola=0
  Cliente Cliente-3 asignado a caja CAJA 1 (cola ahora 1)
15:15:38.861 [hilo-caja-CAJA 1] INFO  c.s.i.service.LogServiceImpl - Finalizada atencion de Cliente-2 en CAJA 1
15:15:38.997 [Thread-11] INFO  c.s.i.service.LogServiceImpl - [08:09] Cliente-Cliente-4 generado | Articulos: 1 (RAPIDO)
[ASIGNACION] Cliente Cliente-4 (RAPIDO) - Articulos: 1
  Caja CAJA 1 (Rapida: true) cola=0
  Caja CAJA 2 (Rapida: false) cola=0
  Caja CAJA 3 (Rapida: false) cola=0
  Cliente Cliente-4 asignado a caja CAJA 1 (cola ahora 1)
15:15:39.060 [hilo-caja-CAJA 1] INFO  c.s.i.service.LogServiceImpl - [08:09] Atendiendo: Cliente-4 en CAJA 1 (2 min)
15:15:39.064 [Thread-11] INFO  c.s.i.service.LogServiceImpl - [08:09] Cliente-Cliente-5 generado | Articulos: 1 (RAPIDO)
[ASIGNACION] Cliente Cliente-5 (RAPIDO) - Articulos: 1
  Caja CAJA 1 (Rapida: true) cola=0
  Caja CAJA 2 (Rapida: false) cola=0
  Caja CAJA 3 (Rapida: false) cola=0
  Cliente Cliente-5 asignado a caja CAJA 1 (cola ahora 1)
15:15:39.326 [hilo-caja-CAJA 1] INFO  c.s.i.service.LogServiceImpl - Finalizada atencion de Cliente-4 en CAJA 1
15:15:39.399 [Thread-11] INFO  c.s.i.service.LogServiceImpl - [08:12] Cliente-Cliente-6 generado | Articulos: 2 (RAPIDO)
[ASIGNACION] Cliente Cliente-6 (RAPIDO) - Articulos: 2
  Caja CAJA 1 (Rapida: true) cola=0
  Caja CAJA 2 (Rapida: false) cola=0
  Caja CAJA 3 (Rapida: false) cola=0
  Cliente Cliente-6 asignado a caja CAJA 1 (cola ahora 1)
15:15:39.460 [hilo-caja-CAJA 1] INFO  c.s.i.service.LogServiceImpl - [08:12] Atendiendo: Cliente-6 en CAJA 1 (1 min)
15:15:39.595 [hilo-caja-CAJA 1] INFO  c.s.i.service.LogServiceImpl - Finalizada atencion de Cliente-6 en CAJA 1
15:15:39.792 [main] INFO  c.s.i.service.LogServiceImpl - Simulacion detenida
15:15:39.801 [Thread-11] INFO  c.s.i.service.LogServiceImpl - Esperando que terminen atenciones activas...
15:15:39.801 [Thread-11] INFO  c.s.i.service.LogServiceImpl - Todas las atenciones activas finalizadas naturalmente.
15:15:39.801 [Thread-11] INFO  c.s.i.service.LogServiceImpl - Vaciando colas manualmente...
15:15:39.801 [Thread-11] INFO  c.s.i.service.LogServiceImpl - Clientes en cola al cierre: 0
15:15:39.801 [Thread-11] INFO  c.s.i.service.LogServiceImpl - ADVERTENCIA: Clientes perdidos: 2
15:15:39.802 [Thread-11] INFO  c.s.i.service.LogServiceImpl - 
============ ESTADISTICAS FINALES ============
15:15:39.802 [Thread-11] INFO  c.s.i.service.LogServiceImpl -   CAJA 1: 4 clientes | Cola maxima: 1 | RAPIDA
15:15:39.802 [Thread-11] INFO  c.s.i.service.LogServiceImpl -   CAJA 2: 0 clientes | Cola maxima: 0 | NORMAL
15:15:39.802 [Thread-11] INFO  c.s.i.service.LogServiceImpl -   CAJA 3: 0 clientes | Cola maxima: 0 | NORMAL
15:15:39.802 [Thread-11] INFO  c.s.i.service.LogServiceImpl - ----------------------------------------------
15:15:39.802 [Thread-11] INFO  c.s.i.service.LogServiceImpl -   Total clientes atendidos: 4
15:15:39.802 [Thread-11] INFO  c.s.i.service.LogServiceImpl -   Total articulos vendidos: 8
15:15:39.802 [Thread-11] INFO  c.s.i.service.LogServiceImpl -   Total minutos de atencion: 7
15:15:39.803 [Thread-11] INFO  c.s.i.service.LogServiceImpl -   Clientes generados: 6
15:15:39.803 [Thread-11] INFO  c.s.i.service.LogServiceImpl -   Prom. articulos/cliente: 2,00
15:15:39.803 [Thread-11] INFO  c.s.i.service.LogServiceImpl -   Prom. minutos/cliente: 1,75
15:15:39.803 [Thread-11] INFO  c.s.i.service.LogServiceImpl -   Cajero Estrella: CAJA 1
15:15:39.803 [Thread-11] INFO  c.s.i.service.LogServiceImpl - ==============================================

15:15:39.803 [Thread-11] INFO  c.s.i.service.LogServiceImpl - === SIMULACION COMPLETADA ===
]]></system-out>
  </testcase>
  <testcase name="testRegression_PausaYReanudacion" classname="com.supermercado.regression.SimulacionRegressionTest" time="3.037">
    <system-out><![CDATA[15:15:39.807 [Thread-15] INFO  c.s.i.service.LogServiceImpl - === INICIANDO SIMULACION ===
15:15:39.808 [Thread-15] INFO  c.s.i.service.LogServiceImpl - Horario: 08:00 - 9:00 (1 horas)
15:15:39.808 [Thread-15] INFO  c.s.i.service.LogServiceImpl - Duracion real: 8s | Tiempo simulado: 1h
15:15:39.808 [Thread-15] INFO  c.s.i.service.LogServiceImpl - Cajas Normales: 2 | Cajas Rapidas: 1
15:15:39.808 [Thread-15] INFO  c.s.i.service.LogServiceImpl - Total cajas creadas: 3
15:15:39.809 [Thread-15] INFO  c.s.i.service.LogServiceImpl - Escala: 1 min simulado = 133ms reales
15:15:39.809 [Thread-15] INFO  c.s.i.service.LogServiceImpl - [08:00] Cliente-Cliente-1 generado | Articulos: 8 (RAPIDO)
[ASIGNACION] Cliente Cliente-1 (RAPIDO) - Articulos: 8
  Caja CAJA 1 (Rapida: true) cola=0
  Caja CAJA 2 (Rapida: false) cola=0
  Caja CAJA 3 (Rapida: false) cola=0
  Cliente Cliente-1 asignado a caja CAJA 1 (cola ahora 1)
15:15:39.877 [hilo-caja-CAJA 1] INFO  c.s.i.service.LogServiceImpl - [08:00] Atendiendo: Cliente-1 en CAJA 1 (2 min)
15:15:40.144 [hilo-caja-CAJA 1] INFO  c.s.i.service.LogServiceImpl - Finalizada atencion de Cliente-1 en CAJA 1
15:15:40.344 [Thread-15] INFO  c.s.i.service.LogServiceImpl - [08:04] Cliente-Cliente-2 generado | Articulos: 1 (RAPIDO)
[ASIGNACION] Cliente Cliente-2 (RAPIDO) - Articulos: 1
  Caja CAJA 1 (Rapida: true) cola=0
  Caja CAJA 2 (Rapida: false) cola=0
  Caja CAJA 3 (Rapida: false) cola=0
  Cliente Cliente-2 asignado a caja CAJA 1 (cola ahora 1)
15:15:40.411 [hilo-caja-CAJA 1] INFO  c.s.i.service.LogServiceImpl - [08:04] Atendiendo: Cliente-2 en CAJA 1 (2 min)
15:15:40.544 [Thread-15] INFO  c.s.i.service.LogServiceImpl - [08:05] Cliente-Cliente-3 generado | Articulos: 7 (RAPIDO)
[ASIGNACION] Cliente Cliente-3 (RAPIDO) - Articulos: 7
  Caja CAJA 1 (Rapida: true) cola=0
  Caja CAJA 2 (Rapida: false) cola=0
  Caja CAJA 3 (Rapida: false) cola=0
  Cliente Cliente-3 asignado a caja CAJA 1 (cola ahora 1)
15:15:40.612 [Thread-15] INFO  c.s.i.service.LogServiceImpl - [08:06] Cliente-Cliente-4 generado | Articulos: 1 (RAPIDO)
[ASIGNACION] Cliente Cliente-4 (RAPIDO) - Articulos: 1
  Caja CAJA 1 (Rapida: true) cola=1
  Caja CAJA 2 (Rapida: false) cola=0
  Caja CAJA 3 (Rapida: false) cola=0
  Cliente Cliente-4 asignado a caja CAJA 2 (cola ahora 1)
15:15:40.672 [hilo-caja-CAJA 2] INFO  c.s.i.service.LogServiceImpl - [08:06] Atendiendo: Cliente-4 en CAJA 2 (1 min)
15:15:40.679 [hilo-caja-CAJA 1] INFO  c.s.i.service.LogServiceImpl - Finalizada atencion de Cliente-2 en CAJA 1
15:15:40.745 [Thread-15] INFO  c.s.i.service.LogServiceImpl - [08:07] Cliente-Cliente-5 generado | Articulos: 9 (RAPIDO)
[ASIGNACION] Cliente Cliente-5 (RAPIDO) - Articulos: 9
  Caja CAJA 1 (Rapida: true) cola=0
  Caja CAJA 2 (Rapida: false) cola=0
  Caja CAJA 3 (Rapida: false) cola=0
  Cliente Cliente-5 asignado a caja CAJA 1 (cola ahora 1)
15:15:40.806 [hilo-caja-CAJA 2] INFO  c.s.i.service.LogServiceImpl - Finalizada atencion de Cliente-4 en CAJA 2
15:15:40.812 [hilo-caja-CAJA 1] INFO  c.s.i.service.LogServiceImpl - [08:07] Atendiendo: Cliente-5 en CAJA 1 (1 min)
15:15:40.879 [Thread-15] INFO  c.s.i.service.LogServiceImpl - [08:08] Cliente-Cliente-6 generado | Articulos: 7 (RAPIDO)
[ASIGNACION] Cliente Cliente-6 (RAPIDO) - Articulos: 7
  Caja CAJA 1 (Rapida: true) cola=0
  Caja CAJA 2 (Rapida: false) cola=0
  Caja CAJA 3 (Rapida: false) cola=0
  Cliente Cliente-6 asignado a caja CAJA 1 (cola ahora 1)
15:15:40.945 [hilo-caja-CAJA 1] INFO  c.s.i.service.LogServiceImpl - Finalizada atencion de Cliente-5 en CAJA 1
15:15:41.146 [Thread-15] INFO  c.s.i.service.LogServiceImpl - [08:10] Cliente-Cliente-7 generado | Articulos: 1 (RAPIDO)
[ASIGNACION] Cliente Cliente-7 (RAPIDO) - Articulos: 1
  Caja CAJA 1 (Rapida: true) cola=0
  Caja CAJA 2 (Rapida: false) cola=0
  Caja CAJA 3 (Rapida: false) cola=0
  Cliente Cliente-7 asignado a caja CAJA 1 (cola ahora 1)
15:15:41.213 [hilo-caja-CAJA 1] INFO  c.s.i.service.LogServiceImpl - [08:10] Atendiendo: Cliente-7 en CAJA 1 (2 min)
15:15:41.280 [Thread-15] INFO  c.s.i.service.LogServiceImpl - [08:11] Cliente-Cliente-8 generado | Articulos: 2 (RAPIDO)
[ASIGNACION] Cliente Cliente-8 (RAPIDO) - Articulos: 2
  Caja CAJA 1 (Rapida: true) cola=0
  Caja CAJA 2 (Rapida: false) cola=0
  Caja CAJA 3 (Rapida: false) cola=0
  Cliente Cliente-8 asignado a caja CAJA 1 (cola ahora 1)
15:15:41.347 [Thread-15] INFO  c.s.i.service.LogServiceImpl - [08:11] Cliente-Cliente-9 generado | Articulos: 3 (RAPIDO)
[ASIGNACION] Cliente Cliente-9 (RAPIDO) - Articulos: 3
  Caja CAJA 1 (Rapida: true) cola=1
  Caja CAJA 2 (Rapida: false) cola=0
  Caja CAJA 3 (Rapida: false) cola=0
  Cliente Cliente-9 asignado a caja CAJA 2 (cola ahora 1)
15:15:41.404 [hilo-caja-CAJA 2] INFO  c.s.i.service.LogServiceImpl - [08:11] Atendiendo: Cliente-9 en CAJA 2 (2 min)
15:15:41.480 [hilo-caja-CAJA 1] INFO  c.s.i.service.LogServiceImpl - Finalizada atencion de Cliente-7 en CAJA 1
15:15:41.547 [Thread-15] INFO  c.s.i.service.LogServiceImpl - [08:13] Cliente-Cliente-10 generado | Articulos: 8 (RAPIDO)
[ASIGNACION] Cliente Cliente-10 (RAPIDO) - Articulos: 8
  Caja CAJA 1 (Rapida: true) cola=0
  Caja CAJA 2 (Rapida: false) cola=0
  Caja CAJA 3 (Rapida: false) cola=0
  Cliente Cliente-10 asignado a caja CAJA 1 (cola ahora 1)
15:15:41.613 [hilo-caja-CAJA 1] INFO  c.s.i.service.LogServiceImpl - [08:13] Atendiendo: Cliente-10 en CAJA 1 (2 min)
15:15:41.671 [hilo-caja-CAJA 2] INFO  c.s.i.service.LogServiceImpl - Finalizada atencion de Cliente-9 en CAJA 2
15:15:41.682 [Thread-15] INFO  c.s.i.service.LogServiceImpl - [08:14] Cliente-Cliente-11 generado | Articulos: 9 (RAPIDO)
[ASIGNACION] Cliente Cliente-11 (RAPIDO) - Articulos: 9
  Caja CAJA 1 (Rapida: true) cola=0
  Caja CAJA 2 (Rapida: false) cola=0
  Caja CAJA 3 (Rapida: false) cola=0
  Cliente Cliente-11 asignado a caja CAJA 1 (cola ahora 1)
15:15:41.749 [Thread-15] INFO  c.s.i.service.LogServiceImpl - [08:14] Cliente-Cliente-12 generado | Articulos: 3 (RAPIDO)
[ASIGNACION] Cliente Cliente-12 (RAPIDO) - Articulos: 3
  Caja CAJA 1 (Rapida: true) cola=1
  Caja CAJA 2 (Rapida: false) cola=0
  Caja CAJA 3 (Rapida: false) cola=0
  Cliente Cliente-12 asignado a caja CAJA 2 (cola ahora 1)
15:15:41.805 [hilo-caja-CAJA 2] INFO  c.s.i.service.LogServiceImpl - [08:14] Atendiendo: Cliente-12 en CAJA 2 (2 min)
15:15:41.832 [main] INFO  c.s.i.service.LogServiceImpl - Simulacion pausada
15:15:41.881 [hilo-caja-CAJA 1] INFO  c.s.i.service.LogServiceImpl - Finalizada atencion de Cliente-10 en CAJA 1
15:15:42.072 [hilo-caja-CAJA 2] INFO  c.s.i.service.LogServiceImpl - Finalizada atencion de Cliente-12 en CAJA 2
15:15:42.335 [main] INFO  c.s.i.service.LogServiceImpl - Simulacion reanudada
15:15:42.640 [Thread-15] INFO  c.s.i.service.LogServiceImpl - [08:17] Cliente-Cliente-13 generado | Articulos: 7 (RAPIDO)
[ASIGNACION] Cliente Cliente-13 (RAPIDO) - Articulos: 7
  Caja CAJA 1 (Rapida: true) cola=0
  Caja CAJA 2 (Rapida: false) cola=0
  Caja CAJA 3 (Rapida: false) cola=0
  Cliente Cliente-13 asignado a caja CAJA 1 (cola ahora 1)
15:15:42.669 [hilo-caja-CAJA 1] INFO  c.s.i.service.LogServiceImpl - [08:17] Atendiendo: Cliente-13 en CAJA 1 (2 min)
15:15:42.835 [main] INFO  c.s.i.service.LogServiceImpl - Simulacion detenida
15:15:42.840 [Thread-15] INFO  c.s.i.service.LogServiceImpl - Esperando que terminen atenciones activas...
15:15:42.840 [Thread-15] INFO  c.s.i.service.LogServiceImpl - Todas las atenciones activas finalizadas naturalmente.
15:15:42.840 [Thread-15] INFO  c.s.i.service.LogServiceImpl - Vaciando colas manualmente...
15:15:42.840 [Thread-15] INFO  c.s.i.service.LogServiceImpl - Clientes en cola al cierre: 0
15:15:42.840 [Thread-15] INFO  c.s.i.service.LogServiceImpl - ADVERTENCIA: Clientes perdidos: 5
15:15:42.841 [Thread-15] INFO  c.s.i.service.LogServiceImpl - 
============ ESTADISTICAS FINALES ============
15:15:42.841 [Thread-15] INFO  c.s.i.service.LogServiceImpl -   CAJA 1: 5 clientes | Cola maxima: 1 | RAPIDA
15:15:42.841 [Thread-15] INFO  c.s.i.service.LogServiceImpl -   CAJA 2: 3 clientes | Cola maxima: 1 | NORMAL
15:15:42.841 [Thread-15] INFO  c.s.i.service.LogServiceImpl -   CAJA 3: 0 clientes | Cola maxima: 0 | NORMAL
15:15:42.841 [Thread-15] INFO  c.s.i.service.LogServiceImpl - ----------------------------------------------
15:15:42.841 [Thread-15] INFO  c.s.i.service.LogServiceImpl -   Total clientes atendidos: 8
15:15:42.841 [Thread-15] INFO  c.s.i.service.LogServiceImpl -   Total articulos vendidos: 34
15:15:42.841 [Thread-15] INFO  c.s.i.service.LogServiceImpl -   Total minutos de atencion: 14
15:15:42.841 [Thread-15] INFO  c.s.i.service.LogServiceImpl -   Clientes generados: 13
15:15:42.841 [Thread-15] INFO  c.s.i.service.LogServiceImpl -   Prom. articulos/cliente: 4,25
15:15:42.842 [Thread-15] INFO  c.s.i.service.LogServiceImpl -   Prom. minutos/cliente: 1,75
15:15:42.842 [Thread-15] INFO  c.s.i.service.LogServiceImpl -   Cajero Estrella: CAJA 1
15:15:42.842 [Thread-15] INFO  c.s.i.service.LogServiceImpl - ==============================================

15:15:42.842 [Thread-15] INFO  c.s.i.service.LogServiceImpl - === SIMULACION COMPLETADA ===
]]></system-out>
  </testcase>
</testsuite>