<?xml version="1.0" encoding="UTF-8"?>
<testsuite xmlns:xsi="http://www.w3.org/2001/XMLSchema-instance" xsi:noNamespaceSchemaLocation="https://maven.apache.org/surefire/maven-surefire-plugin/xsd/surefire-test-report-3.0.xsd" version="3.0" name="com.supermercado.domain.supermercado.service.DiagnosticoServiceTest" time="0.011" tests="5" errors="0" skipped="0" failures="0">
  <properties>
[...]
</properties>
  <testcase name="testDiagnosticarRetornaDiagnosticos" classname="com.supermercado.domain.supermercado.service.DiagnosticoServiceTest" time="0.0"/>
  <testcase name="testDiagnosticoCajaConColaCritica" classname="com.supermercado.domain.supermercado.service.DiagnosticoServiceTest" time="0.0"/>
  <testcase name="testGenerarRecomendacionGeneral" classname="com.supermercado.domain.supermercado.service.DiagnosticoServiceTest" time="0.002"/>
  <testcase name="testDiagnosticoCajaConColaAlta" classname="com.supermercado.domain.supermercado.service.DiagnosticoServiceTest" time="0.0"/>
  <testcase name="testDiagnosticoCajaNormalSinCola" classname="com.supermercado.domain.supermercado.service.DiagnosticoServiceTest" time="0.0"/>
</testsuite>